<?xml version="1.0" encoding="UTF-8"?>
<!-- Generated by org.testng.reporters.JUnitReportReporter -->
<testsuite hostname="DESKTOP-JVA27IQ" failures="0" tests="1" name="testpack.Testclass" time="3.858" errors="0" timestamp="2024-02-07T21:04:47 IST" skipped="0">
  <testcase classname="testpack.Testclass" name="logintest" time="3.858"/>
  <system-out/>
</testsuite> <!-- testpack.Testclass -->
