<?xml version="1.0" encoding="UTF-8"?>
<!-- Generated by org.testng.reporters.JUnitReportReporter -->
<testsuite hostname="DESKTOP-JVA27IQ" failures="0" tests="1" name="ganesha.ganesh" time="8.088" errors="0" timestamp="2023-07-01T00:17:47 IST" skipped="0">
  <testcase classname="ganesha.ganesh" name="title" time="8.088"/>
  <system-out/>
</testsuite> <!-- ganesha.ganesh -->
